INFO - GPU : 1
INFO - Data is sorted according to sentence lengths
DEBUG - Starting new HTTPS connection (1): s3.amazonaws.com:443
DEBUG - https://s3.amazonaws.com:443 "HEAD /models.huggingface.co/bert/bert-base-uncased-vocab.txt HTTP/1.1" 200 0
INFO - loading file https://s3.amazonaws.com/models.huggingface.co/bert/bert-base-uncased-vocab.txt from cache at /home/aakdemir/.cache/torch/pytorch_transformers/26bc1ad6c0ac742e9b52263248f6d0f00068293b33709fae12320c0e35ccfbbb.542ce4285a40d23a559526243235df47c5f75c197f04f37d1a0c124c32c9a084
INFO - Data is sorted according to sentence lengths
DEBUG - Starting new HTTPS connection (1): s3.amazonaws.com:443
DEBUG - https://s3.amazonaws.com:443 "HEAD /models.huggingface.co/bert/bert-base-uncased-vocab.txt HTTP/1.1" 200 0
INFO - loading file https://s3.amazonaws.com/models.huggingface.co/bert/bert-base-uncased-vocab.txt from cache at /home/aakdemir/.cache/torch/pytorch_transformers/26bc1ad6c0ac742e9b52263248f6d0f00068293b33709fae12320c0e35ccfbbb.542ce4285a40d23a559526243235df47c5f75c197f04f37d1a0c124c32c9a084
INFO - Data is read from ../../datasets/turkish-ner-train.tsv
DEBUG - Starting new HTTPS connection (1): s3.amazonaws.com:443
DEBUG - https://s3.amazonaws.com:443 "HEAD /models.huggingface.co/bert/bert-base-uncased-vocab.txt HTTP/1.1" 200 0
INFO - loading file https://s3.amazonaws.com/models.huggingface.co/bert/bert-base-uncased-vocab.txt from cache at /home/aakdemir/.cache/torch/pytorch_transformers/26bc1ad6c0ac742e9b52263248f6d0f00068293b33709fae12320c0e35ccfbbb.542ce4285a40d23a559526243235df47c5f75c197f04f37d1a0c124c32c9a084
DEBUG - Starting new HTTPS connection (1): s3.amazonaws.com:443
DEBUG - https://s3.amazonaws.com:443 "HEAD /models.huggingface.co/bert/bert-base-uncased-config.json HTTP/1.1" 200 0
INFO - loading configuration file https://s3.amazonaws.com/models.huggingface.co/bert/bert-base-uncased-config.json from cache at /home/aakdemir/.cache/torch/pytorch_transformers/4dad0251492946e18ac39290fcfe91b89d370fee250efe9521476438fe8ca185.bf3b9ea126d8c0001ee8a1e8b92229871d06d36d8808208cc2449280da87785c
INFO - Model config {
  "attention_probs_dropout_prob": 0.1,
  "finetuning_task": null,
  "hidden_act": "gelu",
  "hidden_dropout_prob": 0.1,
  "hidden_size": 768,
  "initializer_range": 0.02,
  "intermediate_size": 3072,
  "layer_norm_eps": 1e-12,
  "max_position_embeddings": 512,
  "num_attention_heads": 12,
  "num_hidden_layers": 12,
  "num_labels": 2,
  "output_attentions": false,
  "output_hidden_states": true,
  "pruned_heads": {},
  "torchscript": false,
  "type_vocab_size": 2,
  "vocab_size": 30522
}

DEBUG - Starting new HTTPS connection (1): s3.amazonaws.com:443
DEBUG - https://s3.amazonaws.com:443 "HEAD /models.huggingface.co/bert/bert-base-uncased-pytorch_model.bin HTTP/1.1" 200 0
INFO - loading weights file https://s3.amazonaws.com/models.huggingface.co/bert/bert-base-uncased-pytorch_model.bin from cache at /home/aakdemir/.cache/torch/pytorch_transformers/aa1ef1aede4482d0dbcd4d52baad8ae300e60902e88fcb0bebdec09afd232066.36ca03ab34a1a5d5fa7bc3d03d55c4fa650fed07220e2eeebc06ce58d0e9a157
INFO - Training on : cuda:0
INFO - <generator object Module.parameters at 0x2b083bfa2e60>
INFO - Feat shape torch.Size([2, 153, 20]) 
INFO - Feat shape torch.Size([2, 109, 20]) 
INFO - Feat shape torch.Size([3, 98, 20]) 
INFO - Feat shape torch.Size([3, 83, 20]) 
INFO - Feat shape torch.Size([3, 81, 20]) 
INFO - Feat shape torch.Size([3, 79, 20]) 
INFO - Feat shape torch.Size([4, 77, 20]) 
INFO - Feat shape torch.Size([4, 72, 20]) 
INFO - Feat shape torch.Size([4, 69, 20]) 
INFO - Feat shape torch.Size([4, 65, 20]) 
INFO - Feat shape torch.Size([4, 64, 20]) 
INFO - Average training loss : 61.42921886444092
INFO - AVERAGE TRAIN LOSS : 61.42921886444092 after 10 examples took 2.462 seconds
INFO - Feat shape torch.Size([4, 79, 20]) 
INFO - CRF Scores shape nedir : torch.Size([4, 79, 7, 7])
INFO - START TAG INDEXI NEDIRR 1 2
INFO - Viterbi 3teki feats nasil torch.Size([79, 1, 1])
